<?xml version="1.0" encoding="UTF-8"?>
<!-- Generated by org.testng.reporters.JUnitReportReporter -->
<testsuite hostname="h-MacBook-Pro-sl-twmr.local" failures="0" tests="1" name="com.example.Backend.UserTest" time="0.454" errors="0" timestamp="2022-05-04T22:48:01 IDT" skipped="0">
  <testcase classname="com.example.Backend.UserTest" name="testSetters" time="0.454"/>
  <system-out/>
</testsuite> <!-- com.example.Backend.UserTest -->
