<?xml version="1.0" encoding="UTF-8"?>
<!-- Generated by org.testng.reporters.JUnitReportReporter -->
<testsuite skipped="0" hostname="h-MacBook-Pro-sl-twmr.local" name="com.example.Backend.UserTest" tests="1" failures="0" timestamp="2022-05-04T20:00:46 IDT" time="0.343" errors="0">
  <testcase name="testSetters" time="0.343" classname="com.example.Backend.UserTest"/>
  <system-out/>
</testsuite> <!-- com.example.Backend.UserTest -->
