<?xml version="1.0" encoding="UTF-8"?>
<!-- Generated by org.testng.reporters.JUnitReportReporter -->
<testsuite hostname="h-MacBook-Pro-sl-twmr.local" failures="0" tests="1" name="UserTest" time="0.386" errors="0" timestamp="2022-05-04T22:49:45 IDT" skipped="0">
  <testcase classname="UserTest" name="testSetters" time="0.386"/>
  <system-out/>
</testsuite> <!-- UserTest -->
